<?xml version="1.0" encoding="UTF-8"?>
<testsuite name="com.Linguine.service.BoardServiceTest" tests="1" skipped="0" failures="0" errors="0" timestamp="2022-06-05T11:25:42" hostname="igyeong-wons-MacBook-Pro.local" time="0.187">
  <properties/>
  <testcase name="joinTest()" classname="com.Linguine.service.BoardServiceTest" time="0.187"/>
  <system-out><![CDATA[20:25:41.000 [Test worker] DEBUG org.springframework.test.context.BootstrapUtils - Instantiating CacheAwareContextLoaderDelegate from class [org.springframework.test.context.cache.DefaultCacheAwareContextLoaderDelegate]
20:25:41.006 [Test worker] DEBUG org.springframework.test.context.BootstrapUtils - Instantiating BootstrapContext using constructor [public org.springframework.test.context.support.DefaultBootstrapContext(java.lang.Class,org.springframework.test.context.CacheAwareContextLoaderDelegate)]
20:25:41.020 [Test worker] DEBUG org.springframework.test.context.BootstrapUtils - Instantiating TestContextBootstrapper for test class [com.Linguine.service.BoardServiceTest] from class [org.springframework.boot.test.context.SpringBootTestContextBootstrapper]
20:25:41.025 [Test worker] INFO org.springframework.boot.test.context.SpringBootTestContextBootstrapper - Neither @ContextConfiguration nor @ContextHierarchy found for test class [com.Linguine.service.BoardServiceTest], using SpringBootContextLoader
20:25:41.027 [Test worker] DEBUG org.springframework.test.context.support.AbstractContextLoader - Did not detect default resource location for test class [com.Linguine.service.BoardServiceTest]: class path resource [com/Linguine/service/BoardServiceTest-context.xml] does not exist
20:25:41.027 [Test worker] DEBUG org.springframework.test.context.support.AbstractContextLoader - Did not detect default resource location for test class [com.Linguine.service.BoardServiceTest]: class path resource [com/Linguine/service/BoardServiceTestContext.groovy] does not exist
20:25:41.027 [Test worker] INFO org.springframework.test.context.support.AbstractContextLoader - Could not detect default resource locations for test class [com.Linguine.service.BoardServiceTest]: no resource found for suffixes {-context.xml, Context.groovy}.
20:25:41.028 [Test worker] INFO org.springframework.test.context.support.AnnotationConfigContextLoaderUtils - Could not detect default configuration classes for test class [com.Linguine.service.BoardServiceTest]: BoardServiceTest does not declare any static, non-private, non-final, nested classes annotated with @Configuration.
20:25:41.047 [Test worker] DEBUG org.springframework.test.context.support.ActiveProfilesUtils - Could not find an 'annotation declaring class' for annotation type [org.springframework.test.context.ActiveProfiles] and class [com.Linguine.service.BoardServiceTest]
20:25:41.077 [Test worker] DEBUG org.springframework.context.annotation.ClassPathScanningCandidateComponentProvider - Identified candidate component class: file [/Users/kyeong/dev/java/Linguine/build/classes/java/main/com/Linguine/LinguineApplication.class]
20:25:41.078 [Test worker] INFO org.springframework.boot.test.context.SpringBootTestContextBootstrapper - Found @SpringBootConfiguration com.Linguine.LinguineApplication for test class com.Linguine.service.BoardServiceTest
20:25:41.126 [Test worker] DEBUG org.springframework.boot.test.context.SpringBootTestContextBootstrapper - @TestExecutionListeners is not present for class [com.Linguine.service.BoardServiceTest]: using defaults.
20:25:41.126 [Test worker] INFO org.springframework.boot.test.context.SpringBootTestContextBootstrapper - Loaded default TestExecutionListener class names from location [META-INF/spring.factories]: [org.springframework.boot.test.autoconfigure.restdocs.RestDocsTestExecutionListener, org.springframework.boot.test.autoconfigure.web.client.MockRestServiceServerResetTestExecutionListener, org.springframework.boot.test.autoconfigure.web.servlet.MockMvcPrintOnlyOnFailureTestExecutionListener, org.springframework.boot.test.autoconfigure.web.servlet.WebDriverTestExecutionListener, org.springframework.boot.test.autoconfigure.webservices.client.MockWebServiceServerTestExecutionListener, org.springframework.boot.test.mock.mockito.MockitoTestExecutionListener, org.springframework.boot.test.mock.mockito.ResetMocksTestExecutionListener, org.springframework.test.context.web.ServletTestExecutionListener, org.springframework.test.context.support.DirtiesContextBeforeModesTestExecutionListener, org.springframework.test.context.event.ApplicationEventsTestExecutionListener, org.springframework.test.context.support.DependencyInjectionTestExecutionListener, org.springframework.test.context.support.DirtiesContextTestExecutionListener, org.springframework.test.context.transaction.TransactionalTestExecutionListener, org.springframework.test.context.jdbc.SqlScriptsTestExecutionListener, org.springframework.test.context.event.EventPublishingTestExecutionListener]
20:25:41.139 [Test worker] INFO org.springframework.boot.test.context.SpringBootTestContextBootstrapper - Using TestExecutionListeners: [org.springframework.test.context.web.ServletTestExecutionListener@106faf11, org.springframework.test.context.support.DirtiesContextBeforeModesTestExecutionListener@70f43b45, org.springframework.test.context.event.ApplicationEventsTestExecutionListener@26d10f2e, org.springframework.boot.test.mock.mockito.MockitoTestExecutionListener@10ad20cb, org.springframework.boot.test.autoconfigure.SpringBootDependencyInjectionTestExecutionListener@7dd712e8, org.springframework.test.context.support.DirtiesContextTestExecutionListener@2c282004, org.springframework.test.context.transaction.TransactionalTestExecutionListener@22ee2d0, org.springframework.test.context.jdbc.SqlScriptsTestExecutionListener@7bfc3126, org.springframework.test.context.event.EventPublishingTestExecutionListener@3e792ce3, org.springframework.boot.test.autoconfigure.restdocs.RestDocsTestExecutionListener@53bc1328, org.springframework.boot.test.autoconfigure.web.client.MockRestServiceServerResetTestExecutionListener@26f143ed, org.springframework.boot.test.autoconfigure.web.servlet.MockMvcPrintOnlyOnFailureTestExecutionListener@3c1e3314, org.springframework.boot.test.autoconfigure.web.servlet.WebDriverTestExecutionListener@4b770e40, org.springframework.boot.test.autoconfigure.webservices.client.MockWebServiceServerTestExecutionListener@78e16155, org.springframework.boot.test.mock.mockito.ResetMocksTestExecutionListener@54a3ab8f]
20:25:41.141 [Test worker] DEBUG org.springframework.test.context.support.AbstractDirtiesContextTestExecutionListener - Before test class: context [DefaultTestContext@63a5e46c testClass = BoardServiceTest, testInstance = [null], testMethod = [null], testException = [null], mergedContextConfiguration = [WebMergedContextConfiguration@7e8e8651 testClass = BoardServiceTest, locations = '{}', classes = '{class com.Linguine.LinguineApplication}', contextInitializerClasses = '[]', activeProfiles = '{}', propertySourceLocations = '{}', propertySourceProperties = '{org.springframework.boot.test.context.SpringBootTestContextBootstrapper=true}', contextCustomizers = set[org.springframework.boot.test.autoconfigure.actuate.metrics.MetricsExportContextCustomizerFactory$DisableMetricExportContextCustomizer@30d4b288, org.springframework.boot.test.autoconfigure.properties.PropertyMappingContextCustomizer@0, org.springframework.boot.test.autoconfigure.web.servlet.WebDriverContextCustomizerFactory$Customizer@6c6c5427, org.springframework.boot.test.context.filter.ExcludeFilterContextCustomizer@1e63ec0b, org.springframework.boot.test.json.DuplicateJsonObjectContextCustomizerFactory$DuplicateJsonObjectContextCustomizer@285c08c8, org.springframework.boot.test.mock.mockito.MockitoContextCustomizer@0, org.springframework.boot.test.web.client.TestRestTemplateContextCustomizer@f79a760, org.springframework.boot.test.context.SpringBootTestArgs@1, org.springframework.boot.test.context.SpringBootTestWebEnvironment@1ec9bd38], resourceBasePath = 'src/main/webapp', contextLoader = 'org.springframework.boot.test.context.SpringBootContextLoader', parent = [null]], attributes = map['org.springframework.test.context.web.ServletTestExecutionListener.activateListener' -> true]], class annotated with @DirtiesContext [false] with mode [null].

  .   ____          _            __ _ _
 /\\ / ___'_ __ _ _(_)_ __  __ _ \ \ \ \
( ( )\___ | '_ | '_| | '_ \/ _` | \ \ \ \
 \\/  ___)| |_)| | | | | || (_| |  ) ) ) )
  '  |____| .__|_| |_|_| |_\__, | / / / /
 =========|_|==============|___/=/_/_/_/
 :: Spring Boot ::                (v2.6.7)

2022-06-05 20:25:41.320  INFO 18608 --- [    Test worker] com.Linguine.service.BoardServiceTest    : Starting BoardServiceTest using Java 15.0.5 on igyeong-wons-MacBook-Pro.local with PID 18608 (started by kyeong in /Users/kyeong/dev/java/Linguine)
2022-06-05 20:25:41.321  INFO 18608 --- [    Test worker] com.Linguine.service.BoardServiceTest    : No active profile set, falling back to 1 default profile: "default"
2022-06-05 20:25:41.612  INFO 18608 --- [    Test worker] .s.d.r.c.RepositoryConfigurationDelegate : Bootstrapping Spring Data JPA repositories in DEFAULT mode.
2022-06-05 20:25:41.620  INFO 18608 --- [    Test worker] .s.d.r.c.RepositoryConfigurationDelegate : Finished Spring Data repository scanning in 3 ms. Found 0 JPA repository interfaces.
2022-06-05 20:25:41.902  INFO 18608 --- [    Test worker] o.hibernate.jpa.internal.util.LogHelper  : HHH000204: Processing PersistenceUnitInfo [name: default]
2022-06-05 20:25:41.924  INFO 18608 --- [    Test worker] org.hibernate.Version                    : HHH000412: Hibernate ORM core version 5.6.8.Final
2022-06-05 20:25:42.009  INFO 18608 --- [    Test worker] o.hibernate.annotations.common.Version   : HCANN000001: Hibernate Commons Annotations {5.1.2.Final}
2022-06-05 20:25:42.020 DEBUG 18608 --- [    Test worker] org.hibernate.type.BasicTypeRegistry     : Adding type registration boolean -> org.hibernate.type.BooleanType@cfd5cd2
2022-06-05 20:25:42.020 DEBUG 18608 --- [    Test worker] org.hibernate.type.BasicTypeRegistry     : Adding type registration boolean -> org.hibernate.type.BooleanType@cfd5cd2
2022-06-05 20:25:42.020 DEBUG 18608 --- [    Test worker] org.hibernate.type.BasicTypeRegistry     : Adding type registration java.lang.Boolean -> org.hibernate.type.BooleanType@cfd5cd2
2022-06-05 20:25:42.021 DEBUG 18608 --- [    Test worker] org.hibernate.type.BasicTypeRegistry     : Adding type registration numeric_boolean -> org.hibernate.type.NumericBooleanType@1de7f898
2022-06-05 20:25:42.021 DEBUG 18608 --- [    Test worker] org.hibernate.type.BasicTypeRegistry     : Adding type registration true_false -> org.hibernate.type.TrueFalseType@6b6def36
2022-06-05 20:25:42.021 DEBUG 18608 --- [    Test worker] org.hibernate.type.BasicTypeRegistry     : Adding type registration yes_no -> org.hibernate.type.YesNoType@2b2a4332
2022-06-05 20:25:42.021 DEBUG 18608 --- [    Test worker] org.hibernate.type.BasicTypeRegistry     : Adding type registration byte -> org.hibernate.type.ByteType@2fca3eb5
2022-06-05 20:25:42.021 DEBUG 18608 --- [    Test worker] org.hibernate.type.BasicTypeRegistry     : Adding type registration byte -> org.hibernate.type.ByteType@2fca3eb5
2022-06-05 20:25:42.021 DEBUG 18608 --- [    Test worker] org.hibernate.type.BasicTypeRegistry     : Adding type registration java.lang.Byte -> org.hibernate.type.ByteType@2fca3eb5
2022-06-05 20:25:42.022 DEBUG 18608 --- [    Test worker] org.hibernate.type.BasicTypeRegistry     : Adding type registration character -> org.hibernate.type.CharacterType@bf2aa32
2022-06-05 20:25:42.022 DEBUG 18608 --- [    Test worker] org.hibernate.type.BasicTypeRegistry     : Adding type registration char -> org.hibernate.type.CharacterType@bf2aa32
2022-06-05 20:25:42.022 DEBUG 18608 --- [    Test worker] org.hibernate.type.BasicTypeRegistry     : Adding type registration java.lang.Character -> org.hibernate.type.CharacterType@bf2aa32
2022-06-05 20:25:42.022 DEBUG 18608 --- [    Test worker] org.hibernate.type.BasicTypeRegistry     : Adding type registration short -> org.hibernate.type.ShortType@23f60b7d
2022-06-05 20:25:42.022 DEBUG 18608 --- [    Test worker] org.hibernate.type.BasicTypeRegistry     : Adding type registration short -> org.hibernate.type.ShortType@23f60b7d
2022-06-05 20:25:42.022 DEBUG 18608 --- [    Test worker] org.hibernate.type.BasicTypeRegistry     : Adding type registration java.lang.Short -> org.hibernate.type.ShortType@23f60b7d
2022-06-05 20:25:42.023 DEBUG 18608 --- [    Test worker] org.hibernate.type.BasicTypeRegistry     : Adding type registration integer -> org.hibernate.type.IntegerType@5be51aa
2022-06-05 20:25:42.023 DEBUG 18608 --- [    Test worker] org.hibernate.type.BasicTypeRegistry     : Adding type registration int -> org.hibernate.type.IntegerType@5be51aa
2022-06-05 20:25:42.023 DEBUG 18608 --- [    Test worker] org.hibernate.type.BasicTypeRegistry     : Adding type registration java.lang.Integer -> org.hibernate.type.IntegerType@5be51aa
2022-06-05 20:25:42.023 DEBUG 18608 --- [    Test worker] org.hibernate.type.BasicTypeRegistry     : Adding type registration long -> org.hibernate.type.LongType@64c8fcfb
2022-06-05 20:25:42.024 DEBUG 18608 --- [    Test worker] org.hibernate.type.BasicTypeRegistry     : Adding type registration long -> org.hibernate.type.LongType@64c8fcfb
2022-06-05 20:25:42.024 DEBUG 18608 --- [    Test worker] org.hibernate.type.BasicTypeRegistry     : Adding type registration java.lang.Long -> org.hibernate.type.LongType@64c8fcfb
2022-06-05 20:25:42.024 DEBUG 18608 --- [    Test worker] org.hibernate.type.BasicTypeRegistry     : Adding type registration float -> org.hibernate.type.FloatType@31228d83
2022-06-05 20:25:42.024 DEBUG 18608 --- [    Test worker] org.hibernate.type.BasicTypeRegistry     : Adding type registration float -> org.hibernate.type.FloatType@31228d83
2022-06-05 20:25:42.024 DEBUG 18608 --- [    Test worker] org.hibernate.type.BasicTypeRegistry     : Adding type registration java.lang.Float -> org.hibernate.type.FloatType@31228d83
2022-06-05 20:25:42.024 DEBUG 18608 --- [    Test worker] org.hibernate.type.BasicTypeRegistry     : Adding type registration double -> org.hibernate.type.DoubleType@743bb39a
2022-06-05 20:25:42.025 DEBUG 18608 --- [    Test worker] org.hibernate.type.BasicTypeRegistry     : Adding type registration double -> org.hibernate.type.DoubleType@743bb39a
2022-06-05 20:25:42.025 DEBUG 18608 --- [    Test worker] org.hibernate.type.BasicTypeRegistry     : Adding type registration java.lang.Double -> org.hibernate.type.DoubleType@743bb39a
2022-06-05 20:25:42.025 DEBUG 18608 --- [    Test worker] org.hibernate.type.BasicTypeRegistry     : Adding type registration big_decimal -> org.hibernate.type.BigDecimalType@1ffd0114
2022-06-05 20:25:42.025 DEBUG 18608 --- [    Test worker] org.hibernate.type.BasicTypeRegistry     : Adding type registration java.math.BigDecimal -> org.hibernate.type.BigDecimalType@1ffd0114
2022-06-05 20:25:42.025 DEBUG 18608 --- [    Test worker] org.hibernate.type.BasicTypeRegistry     : Adding type registration big_integer -> org.hibernate.type.BigIntegerType@9729a97
2022-06-05 20:25:42.025 DEBUG 18608 --- [    Test worker] org.hibernate.type.BasicTypeRegistry     : Adding type registration java.math.BigInteger -> org.hibernate.type.BigIntegerType@9729a97
2022-06-05 20:25:42.026 DEBUG 18608 --- [    Test worker] org.hibernate.type.BasicTypeRegistry     : Adding type registration string -> org.hibernate.type.StringType@577bfadb
2022-06-05 20:25:42.026 DEBUG 18608 --- [    Test worker] org.hibernate.type.BasicTypeRegistry     : Adding type registration java.lang.String -> org.hibernate.type.StringType@577bfadb
2022-06-05 20:25:42.026 DEBUG 18608 --- [    Test worker] org.hibernate.type.BasicTypeRegistry     : Adding type registration nstring -> org.hibernate.type.StringNVarcharType@655203e3
2022-06-05 20:25:42.026 DEBUG 18608 --- [    Test worker] org.hibernate.type.BasicTypeRegistry     : Adding type registration ncharacter -> org.hibernate.type.CharacterNCharType@568f4faa
2022-06-05 20:25:42.027 DEBUG 18608 --- [    Test worker] org.hibernate.type.BasicTypeRegistry     : Adding type registration url -> org.hibernate.type.UrlType@20b829d5
2022-06-05 20:25:42.027 DEBUG 18608 --- [    Test worker] org.hibernate.type.BasicTypeRegistry     : Adding type registration java.net.URL -> org.hibernate.type.UrlType@20b829d5
2022-06-05 20:25:42.027 DEBUG 18608 --- [    Test worker] org.hibernate.type.BasicTypeRegistry     : Adding type registration Duration -> org.hibernate.type.DurationType@7757025d
2022-06-05 20:25:42.027 DEBUG 18608 --- [    Test worker] org.hibernate.type.BasicTypeRegistry     : Adding type registration java.time.Duration -> org.hibernate.type.DurationType@7757025d
2022-06-05 20:25:42.027 DEBUG 18608 --- [    Test worker] org.hibernate.type.BasicTypeRegistry     : Adding type registration Instant -> org.hibernate.type.InstantType@54567b05
2022-06-05 20:25:42.027 DEBUG 18608 --- [    Test worker] org.hibernate.type.BasicTypeRegistry     : Adding type registration java.time.Instant -> org.hibernate.type.InstantType@54567b05
2022-06-05 20:25:42.028 DEBUG 18608 --- [    Test worker] org.hibernate.type.BasicTypeRegistry     : Adding type registration LocalDateTime -> org.hibernate.type.LocalDateTimeType@25de8898
2022-06-05 20:25:42.028 DEBUG 18608 --- [    Test worker] org.hibernate.type.BasicTypeRegistry     : Adding type registration java.time.LocalDateTime -> org.hibernate.type.LocalDateTimeType@25de8898
2022-06-05 20:25:42.028 DEBUG 18608 --- [    Test worker] org.hibernate.type.BasicTypeRegistry     : Adding type registration LocalDate -> org.hibernate.type.LocalDateType@27bb4dc5
2022-06-05 20:25:42.028 DEBUG 18608 --- [    Test worker] org.hibernate.type.BasicTypeRegistry     : Adding type registration java.time.LocalDate -> org.hibernate.type.LocalDateType@27bb4dc5
2022-06-05 20:25:42.029 DEBUG 18608 --- [    Test worker] org.hibernate.type.BasicTypeRegistry     : Adding type registration LocalTime -> org.hibernate.type.LocalTimeType@1f179f51
2022-06-05 20:25:42.029 DEBUG 18608 --- [    Test worker] org.hibernate.type.BasicTypeRegistry     : Adding type registration java.time.LocalTime -> org.hibernate.type.LocalTimeType@1f179f51
2022-06-05 20:25:42.029 DEBUG 18608 --- [    Test worker] org.hibernate.type.BasicTypeRegistry     : Adding type registration OffsetDateTime -> org.hibernate.type.OffsetDateTimeType@2fac80a8
2022-06-05 20:25:42.029 DEBUG 18608 --- [    Test worker] org.hibernate.type.BasicTypeRegistry     : Adding type registration java.time.OffsetDateTime -> org.hibernate.type.OffsetDateTimeType@2fac80a8
2022-06-05 20:25:42.029 DEBUG 18608 --- [    Test worker] org.hibernate.type.BasicTypeRegistry     : Adding type registration OffsetTime -> org.hibernate.type.OffsetTimeType@69ffdaa8
2022-06-05 20:25:42.030 DEBUG 18608 --- [    Test worker] org.hibernate.type.BasicTypeRegistry     : Adding type registration java.time.OffsetTime -> org.hibernate.type.OffsetTimeType@69ffdaa8
2022-06-05 20:25:42.031 DEBUG 18608 --- [    Test worker] org.hibernate.type.BasicTypeRegistry     : Adding type registration ZonedDateTime -> org.hibernate.type.ZonedDateTimeType@ba4f370
2022-06-05 20:25:42.031 DEBUG 18608 --- [    Test worker] org.hibernate.type.BasicTypeRegistry     : Adding type registration java.time.ZonedDateTime -> org.hibernate.type.ZonedDateTimeType@ba4f370
2022-06-05 20:25:42.031 DEBUG 18608 --- [    Test worker] org.hibernate.type.BasicTypeRegistry     : Adding type registration date -> org.hibernate.type.DateType@4d4df0f4
2022-06-05 20:25:42.031 DEBUG 18608 --- [    Test worker] org.hibernate.type.BasicTypeRegistry     : Adding type registration java.sql.Date -> org.hibernate.type.DateType@4d4df0f4
2022-06-05 20:25:42.032 DEBUG 18608 --- [    Test worker] org.hibernate.type.BasicTypeRegistry     : Adding type registration time -> org.hibernate.type.TimeType@6e2eead5
2022-06-05 20:25:42.032 DEBUG 18608 --- [    Test worker] org.hibernate.type.BasicTypeRegistry     : Adding type registration java.sql.Time -> org.hibernate.type.TimeType@6e2eead5
2022-06-05 20:25:42.032 DEBUG 18608 --- [    Test worker] org.hibernate.type.BasicTypeRegistry     : Adding type registration timestamp -> org.hibernate.type.TimestampType@18e4551
2022-06-05 20:25:42.032 DEBUG 18608 --- [    Test worker] org.hibernate.type.BasicTypeRegistry     : Adding type registration java.sql.Timestamp -> org.hibernate.type.TimestampType@18e4551
2022-06-05 20:25:42.032 DEBUG 18608 --- [    Test worker] org.hibernate.type.BasicTypeRegistry     : Adding type registration java.util.Date -> org.hibernate.type.TimestampType@18e4551
2022-06-05 20:25:42.033 DEBUG 18608 --- [    Test worker] org.hibernate.type.BasicTypeRegistry     : Adding type registration dbtimestamp -> org.hibernate.type.DbTimestampType@25d911a
2022-06-05 20:25:42.034 DEBUG 18608 --- [    Test worker] org.hibernate.type.BasicTypeRegistry     : Adding type registration calendar -> org.hibernate.type.CalendarType@aca2fc3
2022-06-05 20:25:42.034 DEBUG 18608 --- [    Test worker] org.hibernate.type.BasicTypeRegistry     : Adding type registration java.util.Calendar -> org.hibernate.type.CalendarType@aca2fc3
2022-06-05 20:25:42.034 DEBUG 18608 --- [    Test worker] org.hibernate.type.BasicTypeRegistry     : Adding type registration java.util.GregorianCalendar -> org.hibernate.type.CalendarType@aca2fc3
2022-06-05 20:25:42.034 DEBUG 18608 --- [    Test worker] org.hibernate.type.BasicTypeRegistry     : Adding type registration calendar_date -> org.hibernate.type.CalendarDateType@2fee69a1
2022-06-05 20:25:42.034 DEBUG 18608 --- [    Test worker] org.hibernate.type.BasicTypeRegistry     : Adding type registration calendar_time -> org.hibernate.type.CalendarTimeType@64f32e9e
2022-06-05 20:25:42.035 DEBUG 18608 --- [    Test worker] org.hibernate.type.BasicTypeRegistry     : Adding type registration locale -> org.hibernate.type.LocaleType@8ac12e6
2022-06-05 20:25:42.035 DEBUG 18608 --- [    Test worker] org.hibernate.type.BasicTypeRegistry     : Adding type registration java.util.Locale -> org.hibernate.type.LocaleType@8ac12e6
2022-06-05 20:25:42.035 DEBUG 18608 --- [    Test worker] org.hibernate.type.BasicTypeRegistry     : Adding type registration currency -> org.hibernate.type.CurrencyType@3a861417
2022-06-05 20:25:42.035 DEBUG 18608 --- [    Test worker] org.hibernate.type.BasicTypeRegistry     : Adding type registration java.util.Currency -> org.hibernate.type.CurrencyType@3a861417
2022-06-05 20:25:42.036 DEBUG 18608 --- [    Test worker] org.hibernate.type.BasicTypeRegistry     : Adding type registration timezone -> org.hibernate.type.TimeZoneType@6ba6557e
2022-06-05 20:25:42.036 DEBUG 18608 --- [    Test worker] org.hibernate.type.BasicTypeRegistry     : Adding type registration java.util.TimeZone -> org.hibernate.type.TimeZoneType@6ba6557e
2022-06-05 20:25:42.037 DEBUG 18608 --- [    Test worker] org.hibernate.type.BasicTypeRegistry     : Adding type registration class -> org.hibernate.type.ClassType@2bdb5e0f
2022-06-05 20:25:42.037 DEBUG 18608 --- [    Test worker] org.hibernate.type.BasicTypeRegistry     : Adding type registration java.lang.Class -> org.hibernate.type.ClassType@2bdb5e0f
2022-06-05 20:25:42.037 DEBUG 18608 --- [    Test worker] org.hibernate.type.BasicTypeRegistry     : Adding type registration uuid-binary -> org.hibernate.type.UUIDBinaryType@384472bf
2022-06-05 20:25:42.037 DEBUG 18608 --- [    Test worker] org.hibernate.type.BasicTypeRegistry     : Adding type registration java.util.UUID -> org.hibernate.type.UUIDBinaryType@384472bf
2022-06-05 20:25:42.037 DEBUG 18608 --- [    Test worker] org.hibernate.type.BasicTypeRegistry     : Adding type registration uuid-char -> org.hibernate.type.UUIDCharType@451816fd
2022-06-05 20:25:42.038 DEBUG 18608 --- [    Test worker] org.hibernate.type.BasicTypeRegistry     : Adding type registration binary -> org.hibernate.type.BinaryType@a3b858f
2022-06-05 20:25:42.038 DEBUG 18608 --- [    Test worker] org.hibernate.type.BasicTypeRegistry     : Adding type registration byte[] -> org.hibernate.type.BinaryType@a3b858f
2022-06-05 20:25:42.038 DEBUG 18608 --- [    Test worker] org.hibernate.type.BasicTypeRegistry     : Adding type registration [B -> org.hibernate.type.BinaryType@a3b858f
2022-06-05 20:25:42.038 DEBUG 18608 --- [    Test worker] org.hibernate.type.BasicTypeRegistry     : Adding type registration wrapper-binary -> org.hibernate.type.WrapperBinaryType@2347b7af
2022-06-05 20:25:42.038 DEBUG 18608 --- [    Test worker] org.hibernate.type.BasicTypeRegistry     : Adding type registration Byte[] -> org.hibernate.type.WrapperBinaryType@2347b7af
2022-06-05 20:25:42.038 DEBUG 18608 --- [    Test worker] org.hibernate.type.BasicTypeRegistry     : Adding type registration [Ljava.lang.Byte; -> org.hibernate.type.WrapperBinaryType@2347b7af
2022-06-05 20:25:42.038 DEBUG 18608 --- [    Test worker] org.hibernate.type.BasicTypeRegistry     : Adding type registration row_version -> org.hibernate.type.RowVersionType@66f2ec1c
2022-06-05 20:25:42.039 DEBUG 18608 --- [    Test worker] org.hibernate.type.BasicTypeRegistry     : Adding type registration image -> org.hibernate.type.ImageType@2fb082ff
2022-06-05 20:25:42.039 DEBUG 18608 --- [    Test worker] org.hibernate.type.BasicTypeRegistry     : Adding type registration characters -> org.hibernate.type.CharArrayType@15586843
2022-06-05 20:25:42.039 DEBUG 18608 --- [    Test worker] org.hibernate.type.BasicTypeRegistry     : Adding type registration char[] -> org.hibernate.type.CharArrayType@15586843
2022-06-05 20:25:42.039 DEBUG 18608 --- [    Test worker] org.hibernate.type.BasicTypeRegistry     : Adding type registration [C -> org.hibernate.type.CharArrayType@15586843
2022-06-05 20:25:42.039 DEBUG 18608 --- [    Test worker] org.hibernate.type.BasicTypeRegistry     : Adding type registration wrapper-characters -> org.hibernate.type.CharacterArrayType@749baa0c
2022-06-05 20:25:42.039 DEBUG 18608 --- [    Test worker] org.hibernate.type.BasicTypeRegistry     : Adding type registration [Ljava.lang.Character; -> org.hibernate.type.CharacterArrayType@749baa0c
2022-06-05 20:25:42.039 DEBUG 18608 --- [    Test worker] org.hibernate.type.BasicTypeRegistry     : Adding type registration Character[] -> org.hibernate.type.CharacterArrayType@749baa0c
2022-06-05 20:25:42.040 DEBUG 18608 --- [    Test worker] org.hibernate.type.BasicTypeRegistry     : Adding type registration text -> org.hibernate.type.TextType@8b670c0
2022-06-05 20:25:42.040 DEBUG 18608 --- [    Test worker] org.hibernate.type.BasicTypeRegistry     : Adding type registration ntext -> org.hibernate.type.NTextType@1b8fa2fa
2022-06-05 20:25:42.040 DEBUG 18608 --- [    Test worker] org.hibernate.type.BasicTypeRegistry     : Adding type registration blob -> org.hibernate.type.BlobType@782ac148
2022-06-05 20:25:42.040 DEBUG 18608 --- [    Test worker] org.hibernate.type.BasicTypeRegistry     : Adding type registration java.sql.Blob -> org.hibernate.type.BlobType@782ac148
2022-06-05 20:25:42.041 DEBUG 18608 --- [    Test worker] org.hibernate.type.BasicTypeRegistry     : Adding type registration materialized_blob -> org.hibernate.type.MaterializedBlobType@85ab964
2022-06-05 20:25:42.041 DEBUG 18608 --- [    Test worker] org.hibernate.type.BasicTypeRegistry     : Adding type registration clob -> org.hibernate.type.ClobType@5d3f99d7
2022-06-05 20:25:42.041 DEBUG 18608 --- [    Test worker] org.hibernate.type.BasicTypeRegistry     : Adding type registration java.sql.Clob -> org.hibernate.type.ClobType@5d3f99d7
2022-06-05 20:25:42.042 DEBUG 18608 --- [    Test worker] org.hibernate.type.BasicTypeRegistry     : Adding type registration nclob -> org.hibernate.type.NClobType@3eac2e8a
2022-06-05 20:25:42.042 DEBUG 18608 --- [    Test worker] org.hibernate.type.BasicTypeRegistry     : Adding type registration java.sql.NClob -> org.hibernate.type.NClobType@3eac2e8a
2022-06-05 20:25:42.042 DEBUG 18608 --- [    Test worker] org.hibernate.type.BasicTypeRegistry     : Adding type registration materialized_clob -> org.hibernate.type.MaterializedClobType@4fd80300
2022-06-05 20:25:42.042 DEBUG 18608 --- [    Test worker] org.hibernate.type.BasicTypeRegistry     : Adding type registration materialized_nclob -> org.hibernate.type.MaterializedNClobType@63f2e0b
2022-06-05 20:25:42.043 DEBUG 18608 --- [    Test worker] org.hibernate.type.BasicTypeRegistry     : Adding type registration serializable -> org.hibernate.type.SerializableType@14b95942
2022-06-05 20:25:42.044 DEBUG 18608 --- [    Test worker] org.hibernate.type.BasicTypeRegistry     : Adding type registration object -> org.hibernate.type.ObjectType@7e27f603
2022-06-05 20:25:42.044 DEBUG 18608 --- [    Test worker] org.hibernate.type.BasicTypeRegistry     : Adding type registration java.lang.Object -> org.hibernate.type.ObjectType@7e27f603
2022-06-05 20:25:42.044 DEBUG 18608 --- [    Test worker] org.hibernate.type.BasicTypeRegistry     : Adding type registration imm_date -> org.hibernate.type.AdaptedImmutableType@738a815c
2022-06-05 20:25:42.044 DEBUG 18608 --- [    Test worker] org.hibernate.type.BasicTypeRegistry     : Adding type registration imm_time -> org.hibernate.type.AdaptedImmutableType@2565a7d0
2022-06-05 20:25:42.045 DEBUG 18608 --- [    Test worker] org.hibernate.type.BasicTypeRegistry     : Adding type registration imm_timestamp -> org.hibernate.type.AdaptedImmutableType@4fd7b79
2022-06-05 20:25:42.045 DEBUG 18608 --- [    Test worker] org.hibernate.type.BasicTypeRegistry     : Adding type registration imm_dbtimestamp -> org.hibernate.type.AdaptedImmutableType@5103eea2
2022-06-05 20:25:42.045 DEBUG 18608 --- [    Test worker] org.hibernate.type.BasicTypeRegistry     : Adding type registration imm_calendar -> org.hibernate.type.AdaptedImmutableType@762405bf
2022-06-05 20:25:42.045 DEBUG 18608 --- [    Test worker] org.hibernate.type.BasicTypeRegistry     : Adding type registration imm_calendar_date -> org.hibernate.type.AdaptedImmutableType@7e77678c
2022-06-05 20:25:42.045 DEBUG 18608 --- [    Test worker] org.hibernate.type.BasicTypeRegistry     : Adding type registration imm_binary -> org.hibernate.type.AdaptedImmutableType@113eed88
2022-06-05 20:25:42.045 DEBUG 18608 --- [    Test worker] org.hibernate.type.BasicTypeRegistry     : Adding type registration imm_serializable -> org.hibernate.type.AdaptedImmutableType@5f0677f3
2022-06-05 20:25:42.065  INFO 18608 --- [    Test worker] com.zaxxer.hikari.HikariDataSource       : HikariPool-1 - Starting...
2022-06-05 20:25:42.122  INFO 18608 --- [    Test worker] com.zaxxer.hikari.HikariDataSource       : HikariPool-1 - Start completed.
2022-06-05 20:25:42.136  INFO 18608 --- [    Test worker] org.hibernate.dialect.Dialect            : HHH000400: Using dialect: org.hibernate.dialect.H2Dialect
2022-06-05 20:25:42.165 DEBUG 18608 --- [    Test worker] o.h.type.spi.TypeConfiguration$Scope     : Scoping TypeConfiguration [org.hibernate.type.spi.TypeConfiguration@a4df251] to MetadataBuildingContext [org.hibernate.boot.internal.MetadataBuildingContextRootImpl@71e7830a]
2022-06-05 20:25:42.292 DEBUG 18608 --- [    Test worker] org.hibernate.type.EnumType              : Using NAMED-based conversion for Enum com.Linguine.domain.member.MemberSpec
2022-06-05 20:25:42.292 DEBUG 18608 --- [    Test worker] o.h.type.spi.TypeConfiguration$Scope     : Scoping TypeConfiguration [org.hibernate.type.spi.TypeConfiguration@a4df251] to SessionFactoryImpl [org.hibernate.internal.SessionFactoryImpl@653e7b]
2022-06-05 20:25:42.463 DEBUG 18608 --- [    Test worker] org.hibernate.SQL                        : 
    
    drop table if exists comments CASCADE 
Hibernate: 
    
    drop table if exists comments CASCADE 
2022-06-05 20:25:42.466  INFO 18608 --- [    Test worker] p6spy                                    : #1654428342466 | took 1ms | statement | connection 1| url jdbc:h2:tcp://localhost/~/dev/java/Linguine

    drop table if exists comments CASCADE 

    drop table if exists comments CASCADE ;
2022-06-05 20:25:42.466 DEBUG 18608 --- [    Test worker] org.hibernate.SQL                        : 
    
    drop table if exists member CASCADE 
Hibernate: 
    
    drop table if exists member CASCADE 
2022-06-05 20:25:42.467  INFO 18608 --- [    Test worker] p6spy                                    : #1654428342467 | took 0ms | statement | connection 1| url jdbc:h2:tcp://localhost/~/dev/java/Linguine

    drop table if exists member CASCADE 

    drop table if exists member CASCADE ;
2022-06-05 20:25:42.467 DEBUG 18608 --- [    Test worker] org.hibernate.SQL                        : 
    
    drop table if exists post CASCADE 
Hibernate: 
    
    drop table if exists post CASCADE 
2022-06-05 20:25:42.469  INFO 18608 --- [    Test worker] p6spy                                    : #1654428342469 | took 1ms | statement | connection 1| url jdbc:h2:tcp://localhost/~/dev/java/Linguine

    drop table if exists post CASCADE 

    drop table if exists post CASCADE ;
2022-06-05 20:25:42.469 DEBUG 18608 --- [    Test worker] org.hibernate.SQL                        : 
    
    drop sequence if exists hibernate_sequence
Hibernate: 
    
    drop sequence if exists hibernate_sequence
2022-06-05 20:25:42.471  INFO 18608 --- [    Test worker] p6spy                                    : #1654428342471 | took 0ms | statement | connection 1| url jdbc:h2:tcp://localhost/~/dev/java/Linguine

    drop sequence if exists hibernate_sequence

    drop sequence if exists hibernate_sequence;
2022-06-05 20:25:42.472 DEBUG 18608 --- [    Test worker] org.hibernate.SQL                        : create sequence hibernate_sequence start with 1 increment by 1
Hibernate: create sequence hibernate_sequence start with 1 increment by 1
2022-06-05 20:25:42.473  INFO 18608 --- [    Test worker] p6spy                                    : #1654428342473 | took 0ms | statement | connection 2| url jdbc:h2:tcp://localhost/~/dev/java/Linguine
create sequence hibernate_sequence start with 1 increment by 1
create sequence hibernate_sequence start with 1 increment by 1;
2022-06-05 20:25:42.473 DEBUG 18608 --- [    Test worker] org.hibernate.SQL                        : 
    
    create table comments (
       comment_id bigint not null,
        comment_password varchar(255),
        commented_date timestamp,
        contents varchar(255),
        member_id bigint,
        post_id bigint,
        primary key (comment_id)
    )
Hibernate: 
    
    create table comments (
       comment_id bigint not null,
        comment_password varchar(255),
        commented_date timestamp,
        contents varchar(255),
        member_id bigint,
        post_id bigint,
        primary key (comment_id)
    )
2022-06-05 20:25:42.475  INFO 18608 --- [    Test worker] p6spy                                    : #1654428342475 | took 0ms | statement | connection 2| url jdbc:h2:tcp://localhost/~/dev/java/Linguine

    create table comments (
       comment_id bigint not null,
        comment_password varchar(255),
        commented_date timestamp,
        contents varchar(255),
        member_id bigint,
        post_id bigint,
        primary key (comment_id)
    )

    create table comments (
       comment_id bigint not null,
        comment_password varchar(255),
        commented_date timestamp,
        contents varchar(255),
        member_id bigint,
        post_id bigint,
        primary key (comment_id)
    );
2022-06-05 20:25:42.475 DEBUG 18608 --- [    Test worker] org.hibernate.SQL                        : 
    
    create table member (
       id bigint generated by default as identity,
        email varchar(255),
        name varchar(255),
        nick_name varchar(255),
        password varchar(255),
        ph varchar(255),
        public_id varchar(255),
        spec varchar(255),
        primary key (id)
    )
Hibernate: 
    
    create table member (
       id bigint generated by default as identity,
        email varchar(255),
        name varchar(255),
        nick_name varchar(255),
        password varchar(255),
        ph varchar(255),
        public_id varchar(255),
        spec varchar(255),
        primary key (id)
    )
2022-06-05 20:25:42.477  INFO 18608 --- [    Test worker] p6spy                                    : #1654428342477 | took 1ms | statement | connection 2| url jdbc:h2:tcp://localhost/~/dev/java/Linguine

    create table member (
       id bigint generated by default as identity,
        email varchar(255),
        name varchar(255),
        nick_name varchar(255),
        password varchar(255),
        ph varchar(255),
        public_id varchar(255),
        spec varchar(255),
        primary key (id)
    )

    create table member (
       id bigint generated by default as identity,
        email varchar(255),
        name varchar(255),
        nick_name varchar(255),
        password varchar(255),
        ph varchar(255),
        public_id varchar(255),
        spec varchar(255),
        primary key (id)
    );
2022-06-05 20:25:42.478 DEBUG 18608 --- [    Test worker] org.hibernate.SQL                        : 
    
    create table post (
       ptype varchar(31) not null,
        post_id bigint generated by default as identity,
        contents varchar(255),
        post_owner varchar(255),
        post_title varchar(255),
        posted_data timestamp,
        is_buying boolean,
        is_expired boolean,
        price integer,
        member_id bigint,
        primary key (post_id)
    )
Hibernate: 
    
    create table post (
       ptype varchar(31) not null,
        post_id bigint generated by default as identity,
        contents varchar(255),
        post_owner varchar(255),
        post_title varchar(255),
        posted_data timestamp,
        is_buying boolean,
        is_expired boolean,
        price integer,
        member_id bigint,
        primary key (post_id)
    )
2022-06-05 20:25:42.479  INFO 18608 --- [    Test worker] p6spy                                    : #1654428342479 | took 1ms | statement | connection 2| url jdbc:h2:tcp://localhost/~/dev/java/Linguine

    create table post (
       ptype varchar(31) not null,
        post_id bigint generated by default as identity,
        contents varchar(255),
        post_owner varchar(255),
        post_title varchar(255),
        posted_data timestamp,
        is_buying boolean,
        is_expired boolean,
        price integer,
        member_id bigint,
        primary key (post_id)
    )

    create table post (
       ptype varchar(31) not null,
        post_id bigint generated by default as identity,
        contents varchar(255),
        post_owner varchar(255),
        post_title varchar(255),
        posted_data timestamp,
        is_buying boolean,
        is_expired boolean,
        price integer,
        member_id bigint,
        primary key (post_id)
    );
2022-06-05 20:25:42.480 DEBUG 18608 --- [    Test worker] org.hibernate.SQL                        : 
    
    alter table comments 
       add constraint FK5my97to6xmqeuycmeelttgj44 
       foreign key (member_id) 
       references member
Hibernate: 
    
    alter table comments 
       add constraint FK5my97to6xmqeuycmeelttgj44 
       foreign key (member_id) 
       references member
2022-06-05 20:25:42.489  INFO 18608 --- [    Test worker] p6spy                                    : #1654428342489 | took 8ms | statement | connection 2| url jdbc:h2:tcp://localhost/~/dev/java/Linguine

    alter table comments 
       add constraint FK5my97to6xmqeuycmeelttgj44 
       foreign key (member_id) 
       references member

    alter table comments 
       add constraint FK5my97to6xmqeuycmeelttgj44 
       foreign key (member_id) 
       references member;
2022-06-05 20:25:42.489 DEBUG 18608 --- [    Test worker] org.hibernate.SQL                        : 
    
    alter table comments 
       add constraint FKbqnvawwwv4gtlctsi3o7vs131 
       foreign key (post_id) 
       references post
Hibernate: 
    
    alter table comments 
       add constraint FKbqnvawwwv4gtlctsi3o7vs131 
       foreign key (post_id) 
       references post
2022-06-05 20:25:42.492  INFO 18608 --- [    Test worker] p6spy                                    : #1654428342492 | took 2ms | statement | connection 2| url jdbc:h2:tcp://localhost/~/dev/java/Linguine

    alter table comments 
       add constraint FKbqnvawwwv4gtlctsi3o7vs131 
       foreign key (post_id) 
       references post

    alter table comments 
       add constraint FKbqnvawwwv4gtlctsi3o7vs131 
       foreign key (post_id) 
       references post;
2022-06-05 20:25:42.493 DEBUG 18608 --- [    Test worker] org.hibernate.SQL                        : 
    
    alter table post 
       add constraint FK83s99f4kx8oiqm3ro0sasmpww 
       foreign key (member_id) 
       references member
Hibernate: 
    
    alter table post 
       add constraint FK83s99f4kx8oiqm3ro0sasmpww 
       foreign key (member_id) 
       references member
2022-06-05 20:25:42.495  INFO 18608 --- [    Test worker] p6spy                                    : #1654428342495 | took 1ms | statement | connection 2| url jdbc:h2:tcp://localhost/~/dev/java/Linguine

    alter table post 
       add constraint FK83s99f4kx8oiqm3ro0sasmpww 
       foreign key (member_id) 
       references member

    alter table post 
       add constraint FK83s99f4kx8oiqm3ro0sasmpww 
       foreign key (member_id) 
       references member;
2022-06-05 20:25:42.496  INFO 18608 --- [    Test worker] o.h.e.t.j.p.i.JtaPlatformInitiator       : HHH000490: Using JtaPlatform implementation: [org.hibernate.engine.transaction.jta.platform.internal.NoJtaPlatform]
2022-06-05 20:25:42.501 TRACE 18608 --- [    Test worker] o.h.type.spi.TypeConfiguration$Scope     : Handling #sessionFactoryCreated from [org.hibernate.internal.SessionFactoryImpl@653e7b] for TypeConfiguration
2022-06-05 20:25:42.501  INFO 18608 --- [    Test worker] j.LocalContainerEntityManagerFactoryBean : Initialized JPA EntityManagerFactory for persistence unit 'default'
2022-06-05 20:25:42.637  WARN 18608 --- [    Test worker] JpaBaseConfiguration$JpaWebConfiguration : spring.jpa.open-in-view is enabled by default. Therefore, database queries may be performed during view rendering. Explicitly configure spring.jpa.open-in-view to disable this warning
2022-06-05 20:25:42.881  INFO 18608 --- [    Test worker] com.Linguine.service.BoardServiceTest    : Started BoardServiceTest in 1.719 seconds (JVM running for 2.439)
2022-06-05 20:25:42.912  INFO 18608 --- [    Test worker] o.s.t.c.transaction.TransactionContext   : Began transaction (1) for test context [DefaultTestContext@63a5e46c testClass = BoardServiceTest, testInstance = com.Linguine.service.BoardServiceTest@695c8b32, testMethod = joinTest@BoardServiceTest, testException = [null], mergedContextConfiguration = [WebMergedContextConfiguration@7e8e8651 testClass = BoardServiceTest, locations = '{}', classes = '{class com.Linguine.LinguineApplication}', contextInitializerClasses = '[]', activeProfiles = '{}', propertySourceLocations = '{}', propertySourceProperties = '{org.springframework.boot.test.context.SpringBootTestContextBootstrapper=true}', contextCustomizers = set[org.springframework.boot.test.autoconfigure.actuate.metrics.MetricsExportContextCustomizerFactory$DisableMetricExportContextCustomizer@30d4b288, org.springframework.boot.test.autoconfigure.properties.PropertyMappingContextCustomizer@0, org.springframework.boot.test.autoconfigure.web.servlet.WebDriverContextCustomizerFactory$Customizer@6c6c5427, org.springframework.boot.test.context.filter.ExcludeFilterContextCustomizer@1e63ec0b, org.springframework.boot.test.json.DuplicateJsonObjectContextCustomizerFactory$DuplicateJsonObjectContextCustomizer@285c08c8, org.springframework.boot.test.mock.mockito.MockitoContextCustomizer@0, org.springframework.boot.test.web.client.TestRestTemplateContextCustomizer@f79a760, org.springframework.boot.test.context.SpringBootTestArgs@1, org.springframework.boot.test.context.SpringBootTestWebEnvironment@1ec9bd38], resourceBasePath = 'src/main/webapp', contextLoader = 'org.springframework.boot.test.context.SpringBootContextLoader', parent = [null]], attributes = map['org.springframework.test.context.web.ServletTestExecutionListener.activateListener' -> true, 'org.springframework.test.context.web.ServletTestExecutionListener.populatedRequestContextHolder' -> true, 'org.springframework.test.context.web.ServletTestExecutionListener.resetRequestContextHolder' -> true, 'org.springframework.test.context.event.ApplicationEventsTestExecutionListener.recordApplicationEvents' -> false]]; transaction manager [org.springframework.orm.jpa.JpaTransactionManager@eaa07bb]; rollback [false]
2022-06-05 20:25:43.037 DEBUG 18608 --- [    Test worker] org.hibernate.SQL                        : 
    select
        member0_.id as id1_1_,
        member0_.email as email2_1_,
        member0_.name as name3_1_,
        member0_.nick_name as nick_nam4_1_,
        member0_.password as password5_1_,
        member0_.ph as ph6_1_,
        member0_.public_id as public_i7_1_,
        member0_.spec as spec8_1_ 
    from
        member member0_ 
    where
        member0_.name=?
Hibernate: 
    select
        member0_.id as id1_1_,
        member0_.email as email2_1_,
        member0_.name as name3_1_,
        member0_.nick_name as nick_nam4_1_,
        member0_.password as password5_1_,
        member0_.ph as ph6_1_,
        member0_.public_id as public_i7_1_,
        member0_.spec as spec8_1_ 
    from
        member member0_ 
    where
        member0_.name=?
2022-06-05 20:25:43.040 TRACE 18608 --- [    Test worker] o.h.type.descriptor.sql.BasicBinder      : binding parameter [1] as [VARCHAR] - [kim]
2022-06-05 20:25:43.043  INFO 18608 --- [    Test worker] p6spy                                    : #1654428343043 | took 2ms | statement | connection 3| url jdbc:h2:tcp://localhost/~/dev/java/Linguine
select member0_.id as id1_1_, member0_.email as email2_1_, member0_.name as name3_1_, member0_.nick_name as nick_nam4_1_, member0_.password as password5_1_, member0_.ph as ph6_1_, member0_.public_id as public_i7_1_, member0_.spec as spec8_1_ from member member0_ where member0_.name=?
select member0_.id as id1_1_, member0_.email as email2_1_, member0_.name as name3_1_, member0_.nick_name as nick_nam4_1_, member0_.password as password5_1_, member0_.ph as ph6_1_, member0_.public_id as public_i7_1_, member0_.spec as spec8_1_ from member member0_ where member0_.name='kim';
2022-06-05 20:25:43.061 DEBUG 18608 --- [    Test worker] org.hibernate.SQL                        : 
    insert 
    into
        member
        (id, email, name, nick_name, password, ph, public_id, spec) 
    values
        (default, ?, ?, ?, ?, ?, ?, ?)
Hibernate: 
    insert 
    into
        member
        (id, email, name, nick_name, password, ph, public_id, spec) 
    values
        (default, ?, ?, ?, ?, ?, ?, ?)
2022-06-05 20:25:43.062 TRACE 18608 --- [    Test worker] o.h.type.descriptor.sql.BasicBinder      : binding parameter [1] as [VARCHAR] - [null]
2022-06-05 20:25:43.062 TRACE 18608 --- [    Test worker] o.h.type.descriptor.sql.BasicBinder      : binding parameter [2] as [VARCHAR] - [kim]
2022-06-05 20:25:43.062 TRACE 18608 --- [    Test worker] o.h.type.descriptor.sql.BasicBinder      : binding parameter [3] as [VARCHAR] - [null]
2022-06-05 20:25:43.062 TRACE 18608 --- [    Test worker] o.h.type.descriptor.sql.BasicBinder      : binding parameter [4] as [VARCHAR] - [null]
2022-06-05 20:25:43.062 TRACE 18608 --- [    Test worker] o.h.type.descriptor.sql.BasicBinder      : binding parameter [5] as [VARCHAR] - [null]
2022-06-05 20:25:43.062 TRACE 18608 --- [    Test worker] o.h.type.descriptor.sql.BasicBinder      : binding parameter [6] as [VARCHAR] - [null]
2022-06-05 20:25:43.063 TRACE 18608 --- [    Test worker] o.h.type.descriptor.sql.BasicBinder      : binding parameter [7] as [VARCHAR] - [null]
2022-06-05 20:25:43.064  INFO 18608 --- [    Test worker] p6spy                                    : #1654428343064 | took 0ms | statement | connection 3| url jdbc:h2:tcp://localhost/~/dev/java/Linguine
insert into member (id, email, name, nick_name, password, ph, public_id, spec) values (default, ?, ?, ?, ?, ?, ?, ?)
insert into member (id, email, name, nick_name, password, ph, public_id, spec) values (default, NULL, 'kim', NULL, NULL, NULL, NULL, NULL);
2022-06-05 20:25:43.073  INFO 18608 --- [    Test worker] p6spy                                    : #1654428343073 | took 0ms | commit | connection 3| url jdbc:h2:tcp://localhost/~/dev/java/Linguine

;
2022-06-05 20:25:43.074  INFO 18608 --- [    Test worker] o.s.t.c.transaction.TransactionContext   : Committed transaction for test: [DefaultTestContext@63a5e46c testClass = BoardServiceTest, testInstance = com.Linguine.service.BoardServiceTest@695c8b32, testMethod = joinTest@BoardServiceTest, testException = [null], mergedContextConfiguration = [WebMergedContextConfiguration@7e8e8651 testClass = BoardServiceTest, locations = '{}', classes = '{class com.Linguine.LinguineApplication}', contextInitializerClasses = '[]', activeProfiles = '{}', propertySourceLocations = '{}', propertySourceProperties = '{org.springframework.boot.test.context.SpringBootTestContextBootstrapper=true}', contextCustomizers = set[org.springframework.boot.test.autoconfigure.actuate.metrics.MetricsExportContextCustomizerFactory$DisableMetricExportContextCustomizer@30d4b288, org.springframework.boot.test.autoconfigure.properties.PropertyMappingContextCustomizer@0, org.springframework.boot.test.autoconfigure.web.servlet.WebDriverContextCustomizerFactory$Customizer@6c6c5427, org.springframework.boot.test.context.filter.ExcludeFilterContextCustomizer@1e63ec0b, org.springframework.boot.test.json.DuplicateJsonObjectContextCustomizerFactory$DuplicateJsonObjectContextCustomizer@285c08c8, org.springframework.boot.test.mock.mockito.MockitoContextCustomizer@0, org.springframework.boot.test.web.client.TestRestTemplateContextCustomizer@f79a760, org.springframework.boot.test.context.SpringBootTestArgs@1, org.springframework.boot.test.context.SpringBootTestWebEnvironment@1ec9bd38], resourceBasePath = 'src/main/webapp', contextLoader = 'org.springframework.boot.test.context.SpringBootContextLoader', parent = [null]], attributes = map['org.springframework.test.context.web.ServletTestExecutionListener.activateListener' -> true, 'org.springframework.test.context.web.ServletTestExecutionListener.populatedRequestContextHolder' -> true, 'org.springframework.test.context.web.ServletTestExecutionListener.resetRequestContextHolder' -> true, 'org.springframework.test.context.event.ApplicationEventsTestExecutionListener.recordApplicationEvents' -> false]]
]]></system-out>
  <system-err><![CDATA[]]></system-err>
</testsuite>
