<?xml version="1.0" encoding="UTF-8"?>
<testsuite name="com.Linguine.repository.BoardRepositoryTest" tests="1" skipped="0" failures="0" errors="0" timestamp="2022-05-14T09:04:45" hostname="igyeong-wons-MacBook-Pro.local" time="0.137">
  <properties/>
  <testcase name="BoardRepositoryTest()" classname="com.Linguine.repository.BoardRepositoryTest" time="0.137"/>
  <system-out><![CDATA[18:04:43.201 [Test worker] DEBUG org.springframework.test.context.BootstrapUtils - Instantiating CacheAwareContextLoaderDelegate from class [org.springframework.test.context.cache.DefaultCacheAwareContextLoaderDelegate]
18:04:43.206 [Test worker] DEBUG org.springframework.test.context.BootstrapUtils - Instantiating BootstrapContext using constructor [public org.springframework.test.context.support.DefaultBootstrapContext(java.lang.Class,org.springframework.test.context.CacheAwareContextLoaderDelegate)]
18:04:43.218 [Test worker] DEBUG org.springframework.test.context.BootstrapUtils - Instantiating TestContextBootstrapper for test class [com.Linguine.repository.BoardRepositoryTest] from class [org.springframework.boot.test.context.SpringBootTestContextBootstrapper]
18:04:43.222 [Test worker] INFO org.springframework.boot.test.context.SpringBootTestContextBootstrapper - Neither @ContextConfiguration nor @ContextHierarchy found for test class [com.Linguine.repository.BoardRepositoryTest], using SpringBootContextLoader
18:04:43.224 [Test worker] DEBUG org.springframework.test.context.support.AbstractContextLoader - Did not detect default resource location for test class [com.Linguine.repository.BoardRepositoryTest]: class path resource [com/Linguine/repository/BoardRepositoryTest-context.xml] does not exist
18:04:43.224 [Test worker] DEBUG org.springframework.test.context.support.AbstractContextLoader - Did not detect default resource location for test class [com.Linguine.repository.BoardRepositoryTest]: class path resource [com/Linguine/repository/BoardRepositoryTestContext.groovy] does not exist
18:04:43.224 [Test worker] INFO org.springframework.test.context.support.AbstractContextLoader - Could not detect default resource locations for test class [com.Linguine.repository.BoardRepositoryTest]: no resource found for suffixes {-context.xml, Context.groovy}.
18:04:43.224 [Test worker] INFO org.springframework.test.context.support.AnnotationConfigContextLoaderUtils - Could not detect default configuration classes for test class [com.Linguine.repository.BoardRepositoryTest]: BoardRepositoryTest does not declare any static, non-private, non-final, nested classes annotated with @Configuration.
18:04:43.241 [Test worker] DEBUG org.springframework.test.context.support.ActiveProfilesUtils - Could not find an 'annotation declaring class' for annotation type [org.springframework.test.context.ActiveProfiles] and class [com.Linguine.repository.BoardRepositoryTest]
18:04:43.292 [Test worker] DEBUG org.springframework.context.annotation.ClassPathScanningCandidateComponentProvider - Identified candidate component class: file [/Users/kyeong/dev/java/Linguine/build/classes/java/main/com/Linguine/LinguineApplication.class]
18:04:43.294 [Test worker] INFO org.springframework.boot.test.context.SpringBootTestContextBootstrapper - Found @SpringBootConfiguration com.Linguine.LinguineApplication for test class com.Linguine.repository.BoardRepositoryTest
18:04:43.362 [Test worker] DEBUG org.springframework.boot.test.context.SpringBootTestContextBootstrapper - @TestExecutionListeners is not present for class [com.Linguine.repository.BoardRepositoryTest]: using defaults.
18:04:43.362 [Test worker] INFO org.springframework.boot.test.context.SpringBootTestContextBootstrapper - Loaded default TestExecutionListener class names from location [META-INF/spring.factories]: [org.springframework.boot.test.autoconfigure.restdocs.RestDocsTestExecutionListener, org.springframework.boot.test.autoconfigure.web.client.MockRestServiceServerResetTestExecutionListener, org.springframework.boot.test.autoconfigure.web.servlet.MockMvcPrintOnlyOnFailureTestExecutionListener, org.springframework.boot.test.autoconfigure.web.servlet.WebDriverTestExecutionListener, org.springframework.boot.test.autoconfigure.webservices.client.MockWebServiceServerTestExecutionListener, org.springframework.boot.test.mock.mockito.MockitoTestExecutionListener, org.springframework.boot.test.mock.mockito.ResetMocksTestExecutionListener, org.springframework.test.context.web.ServletTestExecutionListener, org.springframework.test.context.support.DirtiesContextBeforeModesTestExecutionListener, org.springframework.test.context.event.ApplicationEventsTestExecutionListener, org.springframework.test.context.support.DependencyInjectionTestExecutionListener, org.springframework.test.context.support.DirtiesContextTestExecutionListener, org.springframework.test.context.transaction.TransactionalTestExecutionListener, org.springframework.test.context.jdbc.SqlScriptsTestExecutionListener, org.springframework.test.context.event.EventPublishingTestExecutionListener]
18:04:43.370 [Test worker] INFO org.springframework.boot.test.context.SpringBootTestContextBootstrapper - Using TestExecutionListeners: [org.springframework.test.context.web.ServletTestExecutionListener@22db8f4, org.springframework.test.context.support.DirtiesContextBeforeModesTestExecutionListener@2b46a8c1, org.springframework.test.context.event.ApplicationEventsTestExecutionListener@1d572e62, org.springframework.boot.test.mock.mockito.MockitoTestExecutionListener@29caf222, org.springframework.boot.test.autoconfigure.SpringBootDependencyInjectionTestExecutionListener@46cf05f7, org.springframework.test.context.support.DirtiesContextTestExecutionListener@5851bd4f, org.springframework.test.context.transaction.TransactionalTestExecutionListener@7cd1ac19, org.springframework.test.context.jdbc.SqlScriptsTestExecutionListener@2f40a43, org.springframework.test.context.event.EventPublishingTestExecutionListener@3caa4757, org.springframework.boot.test.autoconfigure.restdocs.RestDocsTestExecutionListener@69c43e48, org.springframework.boot.test.autoconfigure.web.client.MockRestServiceServerResetTestExecutionListener@1804f60d, org.springframework.boot.test.autoconfigure.web.servlet.MockMvcPrintOnlyOnFailureTestExecutionListener@3a80515c, org.springframework.boot.test.autoconfigure.web.servlet.WebDriverTestExecutionListener@547e29a4, org.springframework.boot.test.autoconfigure.webservices.client.MockWebServiceServerTestExecutionListener@1c807b1d, org.springframework.boot.test.mock.mockito.ResetMocksTestExecutionListener@238b521e]
18:04:43.371 [Test worker] DEBUG org.springframework.test.context.support.AbstractDirtiesContextTestExecutionListener - Before test class: context [DefaultTestContext@6ebd78d1 testClass = BoardRepositoryTest, testInstance = [null], testMethod = [null], testException = [null], mergedContextConfiguration = [WebMergedContextConfiguration@436390f4 testClass = BoardRepositoryTest, locations = '{}', classes = '{class com.Linguine.LinguineApplication}', contextInitializerClasses = '[]', activeProfiles = '{}', propertySourceLocations = '{}', propertySourceProperties = '{org.springframework.boot.test.context.SpringBootTestContextBootstrapper=true}', contextCustomizers = set[org.springframework.boot.test.autoconfigure.actuate.metrics.MetricsExportContextCustomizerFactory$DisableMetricExportContextCustomizer@36f48b4, org.springframework.boot.test.autoconfigure.properties.PropertyMappingContextCustomizer@0, org.springframework.boot.test.autoconfigure.web.servlet.WebDriverContextCustomizerFactory$Customizer@6cfcd46d, org.springframework.boot.test.context.filter.ExcludeFilterContextCustomizer@26425897, org.springframework.boot.test.json.DuplicateJsonObjectContextCustomizerFactory$DuplicateJsonObjectContextCustomizer@56a4479a, org.springframework.boot.test.mock.mockito.MockitoContextCustomizer@0, org.springframework.boot.test.web.client.TestRestTemplateContextCustomizer@183e8023, org.springframework.boot.test.context.SpringBootTestArgs@1, org.springframework.boot.test.context.SpringBootTestWebEnvironment@33f676f6], resourceBasePath = 'src/main/webapp', contextLoader = 'org.springframework.boot.test.context.SpringBootContextLoader', parent = [null]], attributes = map['org.springframework.test.context.web.ServletTestExecutionListener.activateListener' -> true]], class annotated with @DirtiesContext [false] with mode [null].

  .   ____          _            __ _ _
 /\\ / ___'_ __ _ _(_)_ __  __ _ \ \ \ \
( ( )\___ | '_ | '_| | '_ \/ _` | \ \ \ \
 \\/  ___)| |_)| | | | | || (_| |  ) ) ) )
  '  |____| .__|_| |_|_| |_\__, | / / / /
 =========|_|==============|___/=/_/_/_/
 :: Spring Boot ::                (v2.6.7)

2022-05-14 18:04:43.729  INFO 29134 --- [    Test worker] c.L.repository.BoardRepositoryTest       : Starting BoardRepositoryTest using Java 15.0.5 on igyeong-wons-MacBook-Pro.local with PID 29134 (started by kyeong in /Users/kyeong/dev/java/Linguine)
2022-05-14 18:04:43.730  INFO 29134 --- [    Test worker] c.L.repository.BoardRepositoryTest       : No active profile set, falling back to 1 default profile: "default"
2022-05-14 18:04:44.010  INFO 29134 --- [    Test worker] .s.d.r.c.RepositoryConfigurationDelegate : Bootstrapping Spring Data JPA repositories in DEFAULT mode.
2022-05-14 18:04:44.017  INFO 29134 --- [    Test worker] .s.d.r.c.RepositoryConfigurationDelegate : Finished Spring Data repository scanning in 3 ms. Found 0 JPA repository interfaces.
2022-05-14 18:04:44.323  INFO 29134 --- [    Test worker] o.hibernate.jpa.internal.util.LogHelper  : HHH000204: Processing PersistenceUnitInfo [name: default]
2022-05-14 18:04:44.347  INFO 29134 --- [    Test worker] org.hibernate.Version                    : HHH000412: Hibernate ORM core version 5.6.8.Final
2022-05-14 18:04:44.426  INFO 29134 --- [    Test worker] o.hibernate.annotations.common.Version   : HCANN000001: Hibernate Commons Annotations {5.1.2.Final}
2022-05-14 18:04:44.439 DEBUG 29134 --- [    Test worker] org.hibernate.type.BasicTypeRegistry     : Adding type registration boolean -> org.hibernate.type.BooleanType@7ad889be
2022-05-14 18:04:44.439 DEBUG 29134 --- [    Test worker] org.hibernate.type.BasicTypeRegistry     : Adding type registration boolean -> org.hibernate.type.BooleanType@7ad889be
2022-05-14 18:04:44.439 DEBUG 29134 --- [    Test worker] org.hibernate.type.BasicTypeRegistry     : Adding type registration java.lang.Boolean -> org.hibernate.type.BooleanType@7ad889be
2022-05-14 18:04:44.440 DEBUG 29134 --- [    Test worker] org.hibernate.type.BasicTypeRegistry     : Adding type registration numeric_boolean -> org.hibernate.type.NumericBooleanType@18907af2
2022-05-14 18:04:44.440 DEBUG 29134 --- [    Test worker] org.hibernate.type.BasicTypeRegistry     : Adding type registration true_false -> org.hibernate.type.TrueFalseType@6d7740f0
2022-05-14 18:04:44.440 DEBUG 29134 --- [    Test worker] org.hibernate.type.BasicTypeRegistry     : Adding type registration yes_no -> org.hibernate.type.YesNoType@63db743d
2022-05-14 18:04:44.440 DEBUG 29134 --- [    Test worker] org.hibernate.type.BasicTypeRegistry     : Adding type registration byte -> org.hibernate.type.ByteType@4cb24e2
2022-05-14 18:04:44.440 DEBUG 29134 --- [    Test worker] org.hibernate.type.BasicTypeRegistry     : Adding type registration byte -> org.hibernate.type.ByteType@4cb24e2
2022-05-14 18:04:44.440 DEBUG 29134 --- [    Test worker] org.hibernate.type.BasicTypeRegistry     : Adding type registration java.lang.Byte -> org.hibernate.type.ByteType@4cb24e2
2022-05-14 18:04:44.441 DEBUG 29134 --- [    Test worker] org.hibernate.type.BasicTypeRegistry     : Adding type registration character -> org.hibernate.type.CharacterType@69eb544f
2022-05-14 18:04:44.441 DEBUG 29134 --- [    Test worker] org.hibernate.type.BasicTypeRegistry     : Adding type registration char -> org.hibernate.type.CharacterType@69eb544f
2022-05-14 18:04:44.441 DEBUG 29134 --- [    Test worker] org.hibernate.type.BasicTypeRegistry     : Adding type registration java.lang.Character -> org.hibernate.type.CharacterType@69eb544f
2022-05-14 18:04:44.442 DEBUG 29134 --- [    Test worker] org.hibernate.type.BasicTypeRegistry     : Adding type registration short -> org.hibernate.type.ShortType@56da96b3
2022-05-14 18:04:44.442 DEBUG 29134 --- [    Test worker] org.hibernate.type.BasicTypeRegistry     : Adding type registration short -> org.hibernate.type.ShortType@56da96b3
2022-05-14 18:04:44.442 DEBUG 29134 --- [    Test worker] org.hibernate.type.BasicTypeRegistry     : Adding type registration java.lang.Short -> org.hibernate.type.ShortType@56da96b3
2022-05-14 18:04:44.442 DEBUG 29134 --- [    Test worker] org.hibernate.type.BasicTypeRegistry     : Adding type registration integer -> org.hibernate.type.IntegerType@2ba9f986
2022-05-14 18:04:44.442 DEBUG 29134 --- [    Test worker] org.hibernate.type.BasicTypeRegistry     : Adding type registration int -> org.hibernate.type.IntegerType@2ba9f986
2022-05-14 18:04:44.442 DEBUG 29134 --- [    Test worker] org.hibernate.type.BasicTypeRegistry     : Adding type registration java.lang.Integer -> org.hibernate.type.IntegerType@2ba9f986
2022-05-14 18:04:44.443 DEBUG 29134 --- [    Test worker] org.hibernate.type.BasicTypeRegistry     : Adding type registration long -> org.hibernate.type.LongType@3302035b
2022-05-14 18:04:44.443 DEBUG 29134 --- [    Test worker] org.hibernate.type.BasicTypeRegistry     : Adding type registration long -> org.hibernate.type.LongType@3302035b
2022-05-14 18:04:44.443 DEBUG 29134 --- [    Test worker] org.hibernate.type.BasicTypeRegistry     : Adding type registration java.lang.Long -> org.hibernate.type.LongType@3302035b
2022-05-14 18:04:44.443 DEBUG 29134 --- [    Test worker] org.hibernate.type.BasicTypeRegistry     : Adding type registration float -> org.hibernate.type.FloatType@21be14c2
2022-05-14 18:04:44.443 DEBUG 29134 --- [    Test worker] org.hibernate.type.BasicTypeRegistry     : Adding type registration float -> org.hibernate.type.FloatType@21be14c2
2022-05-14 18:04:44.443 DEBUG 29134 --- [    Test worker] org.hibernate.type.BasicTypeRegistry     : Adding type registration java.lang.Float -> org.hibernate.type.FloatType@21be14c2
2022-05-14 18:04:44.444 DEBUG 29134 --- [    Test worker] org.hibernate.type.BasicTypeRegistry     : Adding type registration double -> org.hibernate.type.DoubleType@22b82ddf
2022-05-14 18:04:44.444 DEBUG 29134 --- [    Test worker] org.hibernate.type.BasicTypeRegistry     : Adding type registration double -> org.hibernate.type.DoubleType@22b82ddf
2022-05-14 18:04:44.444 DEBUG 29134 --- [    Test worker] org.hibernate.type.BasicTypeRegistry     : Adding type registration java.lang.Double -> org.hibernate.type.DoubleType@22b82ddf
2022-05-14 18:04:44.444 DEBUG 29134 --- [    Test worker] org.hibernate.type.BasicTypeRegistry     : Adding type registration big_decimal -> org.hibernate.type.BigDecimalType@2de3b052
2022-05-14 18:04:44.444 DEBUG 29134 --- [    Test worker] org.hibernate.type.BasicTypeRegistry     : Adding type registration java.math.BigDecimal -> org.hibernate.type.BigDecimalType@2de3b052
2022-05-14 18:04:44.445 DEBUG 29134 --- [    Test worker] org.hibernate.type.BasicTypeRegistry     : Adding type registration big_integer -> org.hibernate.type.BigIntegerType@b3857e2
2022-05-14 18:04:44.445 DEBUG 29134 --- [    Test worker] org.hibernate.type.BasicTypeRegistry     : Adding type registration java.math.BigInteger -> org.hibernate.type.BigIntegerType@b3857e2
2022-05-14 18:04:44.445 DEBUG 29134 --- [    Test worker] org.hibernate.type.BasicTypeRegistry     : Adding type registration string -> org.hibernate.type.StringType@5dfd31f4
2022-05-14 18:04:44.445 DEBUG 29134 --- [    Test worker] org.hibernate.type.BasicTypeRegistry     : Adding type registration java.lang.String -> org.hibernate.type.StringType@5dfd31f4
2022-05-14 18:04:44.445 DEBUG 29134 --- [    Test worker] org.hibernate.type.BasicTypeRegistry     : Adding type registration nstring -> org.hibernate.type.StringNVarcharType@632241f5
2022-05-14 18:04:44.446 DEBUG 29134 --- [    Test worker] org.hibernate.type.BasicTypeRegistry     : Adding type registration ncharacter -> org.hibernate.type.CharacterNCharType@54f2df29
2022-05-14 18:04:44.446 DEBUG 29134 --- [    Test worker] org.hibernate.type.BasicTypeRegistry     : Adding type registration url -> org.hibernate.type.UrlType@4c56644f
2022-05-14 18:04:44.446 DEBUG 29134 --- [    Test worker] org.hibernate.type.BasicTypeRegistry     : Adding type registration java.net.URL -> org.hibernate.type.UrlType@4c56644f
2022-05-14 18:04:44.447 DEBUG 29134 --- [    Test worker] org.hibernate.type.BasicTypeRegistry     : Adding type registration Duration -> org.hibernate.type.DurationType@7c5f29c6
2022-05-14 18:04:44.447 DEBUG 29134 --- [    Test worker] org.hibernate.type.BasicTypeRegistry     : Adding type registration java.time.Duration -> org.hibernate.type.DurationType@7c5f29c6
2022-05-14 18:04:44.447 DEBUG 29134 --- [    Test worker] org.hibernate.type.BasicTypeRegistry     : Adding type registration Instant -> org.hibernate.type.InstantType@68fc9167
2022-05-14 18:04:44.447 DEBUG 29134 --- [    Test worker] org.hibernate.type.BasicTypeRegistry     : Adding type registration java.time.Instant -> org.hibernate.type.InstantType@68fc9167
2022-05-14 18:04:44.448 DEBUG 29134 --- [    Test worker] org.hibernate.type.BasicTypeRegistry     : Adding type registration LocalDateTime -> org.hibernate.type.LocalDateTimeType@3a5e2525
2022-05-14 18:04:44.448 DEBUG 29134 --- [    Test worker] org.hibernate.type.BasicTypeRegistry     : Adding type registration java.time.LocalDateTime -> org.hibernate.type.LocalDateTimeType@3a5e2525
2022-05-14 18:04:44.449 DEBUG 29134 --- [    Test worker] org.hibernate.type.BasicTypeRegistry     : Adding type registration LocalDate -> org.hibernate.type.LocalDateType@bfb93cf
2022-05-14 18:04:44.449 DEBUG 29134 --- [    Test worker] org.hibernate.type.BasicTypeRegistry     : Adding type registration java.time.LocalDate -> org.hibernate.type.LocalDateType@bfb93cf
2022-05-14 18:04:44.449 DEBUG 29134 --- [    Test worker] org.hibernate.type.BasicTypeRegistry     : Adding type registration LocalTime -> org.hibernate.type.LocalTimeType@464ede1f
2022-05-14 18:04:44.449 DEBUG 29134 --- [    Test worker] org.hibernate.type.BasicTypeRegistry     : Adding type registration java.time.LocalTime -> org.hibernate.type.LocalTimeType@464ede1f
2022-05-14 18:04:44.450 DEBUG 29134 --- [    Test worker] org.hibernate.type.BasicTypeRegistry     : Adding type registration OffsetDateTime -> org.hibernate.type.OffsetDateTimeType@b428830
2022-05-14 18:04:44.450 DEBUG 29134 --- [    Test worker] org.hibernate.type.BasicTypeRegistry     : Adding type registration java.time.OffsetDateTime -> org.hibernate.type.OffsetDateTimeType@b428830
2022-05-14 18:04:44.450 DEBUG 29134 --- [    Test worker] org.hibernate.type.BasicTypeRegistry     : Adding type registration OffsetTime -> org.hibernate.type.OffsetTimeType@6987a133
2022-05-14 18:04:44.450 DEBUG 29134 --- [    Test worker] org.hibernate.type.BasicTypeRegistry     : Adding type registration java.time.OffsetTime -> org.hibernate.type.OffsetTimeType@6987a133
2022-05-14 18:04:44.451 DEBUG 29134 --- [    Test worker] org.hibernate.type.BasicTypeRegistry     : Adding type registration ZonedDateTime -> org.hibernate.type.ZonedDateTimeType@3c17bd0b
2022-05-14 18:04:44.451 DEBUG 29134 --- [    Test worker] org.hibernate.type.BasicTypeRegistry     : Adding type registration java.time.ZonedDateTime -> org.hibernate.type.ZonedDateTimeType@3c17bd0b
2022-05-14 18:04:44.452 DEBUG 29134 --- [    Test worker] org.hibernate.type.BasicTypeRegistry     : Adding type registration date -> org.hibernate.type.DateType@1ac0cdb0
2022-05-14 18:04:44.452 DEBUG 29134 --- [    Test worker] org.hibernate.type.BasicTypeRegistry     : Adding type registration java.sql.Date -> org.hibernate.type.DateType@1ac0cdb0
2022-05-14 18:04:44.452 DEBUG 29134 --- [    Test worker] org.hibernate.type.BasicTypeRegistry     : Adding type registration time -> org.hibernate.type.TimeType@5e385b6f
2022-05-14 18:04:44.452 DEBUG 29134 --- [    Test worker] org.hibernate.type.BasicTypeRegistry     : Adding type registration java.sql.Time -> org.hibernate.type.TimeType@5e385b6f
2022-05-14 18:04:44.453 DEBUG 29134 --- [    Test worker] org.hibernate.type.BasicTypeRegistry     : Adding type registration timestamp -> org.hibernate.type.TimestampType@ca546a1
2022-05-14 18:04:44.453 DEBUG 29134 --- [    Test worker] org.hibernate.type.BasicTypeRegistry     : Adding type registration java.sql.Timestamp -> org.hibernate.type.TimestampType@ca546a1
2022-05-14 18:04:44.453 DEBUG 29134 --- [    Test worker] org.hibernate.type.BasicTypeRegistry     : Adding type registration java.util.Date -> org.hibernate.type.TimestampType@ca546a1
2022-05-14 18:04:44.454 DEBUG 29134 --- [    Test worker] org.hibernate.type.BasicTypeRegistry     : Adding type registration dbtimestamp -> org.hibernate.type.DbTimestampType@1187dc82
2022-05-14 18:04:44.454 DEBUG 29134 --- [    Test worker] org.hibernate.type.BasicTypeRegistry     : Adding type registration calendar -> org.hibernate.type.CalendarType@489f62a3
2022-05-14 18:04:44.454 DEBUG 29134 --- [    Test worker] org.hibernate.type.BasicTypeRegistry     : Adding type registration java.util.Calendar -> org.hibernate.type.CalendarType@489f62a3
2022-05-14 18:04:44.455 DEBUG 29134 --- [    Test worker] org.hibernate.type.BasicTypeRegistry     : Adding type registration java.util.GregorianCalendar -> org.hibernate.type.CalendarType@489f62a3
2022-05-14 18:04:44.455 DEBUG 29134 --- [    Test worker] org.hibernate.type.BasicTypeRegistry     : Adding type registration calendar_date -> org.hibernate.type.CalendarDateType@62058742
2022-05-14 18:04:44.455 DEBUG 29134 --- [    Test worker] org.hibernate.type.BasicTypeRegistry     : Adding type registration calendar_time -> org.hibernate.type.CalendarTimeType@4d25f816
2022-05-14 18:04:44.455 DEBUG 29134 --- [    Test worker] org.hibernate.type.BasicTypeRegistry     : Adding type registration locale -> org.hibernate.type.LocaleType@7b211077
2022-05-14 18:04:44.455 DEBUG 29134 --- [    Test worker] org.hibernate.type.BasicTypeRegistry     : Adding type registration java.util.Locale -> org.hibernate.type.LocaleType@7b211077
2022-05-14 18:04:44.456 DEBUG 29134 --- [    Test worker] org.hibernate.type.BasicTypeRegistry     : Adding type registration currency -> org.hibernate.type.CurrencyType@40faff12
2022-05-14 18:04:44.456 DEBUG 29134 --- [    Test worker] org.hibernate.type.BasicTypeRegistry     : Adding type registration java.util.Currency -> org.hibernate.type.CurrencyType@40faff12
2022-05-14 18:04:44.456 DEBUG 29134 --- [    Test worker] org.hibernate.type.BasicTypeRegistry     : Adding type registration timezone -> org.hibernate.type.TimeZoneType@2326180c
2022-05-14 18:04:44.456 DEBUG 29134 --- [    Test worker] org.hibernate.type.BasicTypeRegistry     : Adding type registration java.util.TimeZone -> org.hibernate.type.TimeZoneType@2326180c
2022-05-14 18:04:44.456 DEBUG 29134 --- [    Test worker] org.hibernate.type.BasicTypeRegistry     : Adding type registration class -> org.hibernate.type.ClassType@1f172892
2022-05-14 18:04:44.456 DEBUG 29134 --- [    Test worker] org.hibernate.type.BasicTypeRegistry     : Adding type registration java.lang.Class -> org.hibernate.type.ClassType@1f172892
2022-05-14 18:04:44.457 DEBUG 29134 --- [    Test worker] org.hibernate.type.BasicTypeRegistry     : Adding type registration uuid-binary -> org.hibernate.type.UUIDBinaryType@5c9e8a67
2022-05-14 18:04:44.457 DEBUG 29134 --- [    Test worker] org.hibernate.type.BasicTypeRegistry     : Adding type registration java.util.UUID -> org.hibernate.type.UUIDBinaryType@5c9e8a67
2022-05-14 18:04:44.458 DEBUG 29134 --- [    Test worker] org.hibernate.type.BasicTypeRegistry     : Adding type registration uuid-char -> org.hibernate.type.UUIDCharType@7185e611
2022-05-14 18:04:44.458 DEBUG 29134 --- [    Test worker] org.hibernate.type.BasicTypeRegistry     : Adding type registration binary -> org.hibernate.type.BinaryType@45cd8607
2022-05-14 18:04:44.458 DEBUG 29134 --- [    Test worker] org.hibernate.type.BasicTypeRegistry     : Adding type registration byte[] -> org.hibernate.type.BinaryType@45cd8607
2022-05-14 18:04:44.458 DEBUG 29134 --- [    Test worker] org.hibernate.type.BasicTypeRegistry     : Adding type registration [B -> org.hibernate.type.BinaryType@45cd8607
2022-05-14 18:04:44.458 DEBUG 29134 --- [    Test worker] org.hibernate.type.BasicTypeRegistry     : Adding type registration wrapper-binary -> org.hibernate.type.WrapperBinaryType@600bbf9e
2022-05-14 18:04:44.459 DEBUG 29134 --- [    Test worker] org.hibernate.type.BasicTypeRegistry     : Adding type registration Byte[] -> org.hibernate.type.WrapperBinaryType@600bbf9e
2022-05-14 18:04:44.459 DEBUG 29134 --- [    Test worker] org.hibernate.type.BasicTypeRegistry     : Adding type registration [Ljava.lang.Byte; -> org.hibernate.type.WrapperBinaryType@600bbf9e
2022-05-14 18:04:44.459 DEBUG 29134 --- [    Test worker] org.hibernate.type.BasicTypeRegistry     : Adding type registration row_version -> org.hibernate.type.RowVersionType@2864f887
2022-05-14 18:04:44.459 DEBUG 29134 --- [    Test worker] org.hibernate.type.BasicTypeRegistry     : Adding type registration image -> org.hibernate.type.ImageType@41bb1f09
2022-05-14 18:04:44.459 DEBUG 29134 --- [    Test worker] org.hibernate.type.BasicTypeRegistry     : Adding type registration characters -> org.hibernate.type.CharArrayType@5a4c98d7
2022-05-14 18:04:44.459 DEBUG 29134 --- [    Test worker] org.hibernate.type.BasicTypeRegistry     : Adding type registration char[] -> org.hibernate.type.CharArrayType@5a4c98d7
2022-05-14 18:04:44.459 DEBUG 29134 --- [    Test worker] org.hibernate.type.BasicTypeRegistry     : Adding type registration [C -> org.hibernate.type.CharArrayType@5a4c98d7
2022-05-14 18:04:44.460 DEBUG 29134 --- [    Test worker] org.hibernate.type.BasicTypeRegistry     : Adding type registration wrapper-characters -> org.hibernate.type.CharacterArrayType@4fbb1144
2022-05-14 18:04:44.460 DEBUG 29134 --- [    Test worker] org.hibernate.type.BasicTypeRegistry     : Adding type registration [Ljava.lang.Character; -> org.hibernate.type.CharacterArrayType@4fbb1144
2022-05-14 18:04:44.460 DEBUG 29134 --- [    Test worker] org.hibernate.type.BasicTypeRegistry     : Adding type registration Character[] -> org.hibernate.type.CharacterArrayType@4fbb1144
2022-05-14 18:04:44.460 DEBUG 29134 --- [    Test worker] org.hibernate.type.BasicTypeRegistry     : Adding type registration text -> org.hibernate.type.TextType@79d63a4f
2022-05-14 18:04:44.460 DEBUG 29134 --- [    Test worker] org.hibernate.type.BasicTypeRegistry     : Adding type registration ntext -> org.hibernate.type.NTextType@53f7a906
2022-05-14 18:04:44.461 DEBUG 29134 --- [    Test worker] org.hibernate.type.BasicTypeRegistry     : Adding type registration blob -> org.hibernate.type.BlobType@1d8e9d3e
2022-05-14 18:04:44.461 DEBUG 29134 --- [    Test worker] org.hibernate.type.BasicTypeRegistry     : Adding type registration java.sql.Blob -> org.hibernate.type.BlobType@1d8e9d3e
2022-05-14 18:04:44.461 DEBUG 29134 --- [    Test worker] org.hibernate.type.BasicTypeRegistry     : Adding type registration materialized_blob -> org.hibernate.type.MaterializedBlobType@54463380
2022-05-14 18:04:44.461 DEBUG 29134 --- [    Test worker] org.hibernate.type.BasicTypeRegistry     : Adding type registration clob -> org.hibernate.type.ClobType@49cb5030
2022-05-14 18:04:44.462 DEBUG 29134 --- [    Test worker] org.hibernate.type.BasicTypeRegistry     : Adding type registration java.sql.Clob -> org.hibernate.type.ClobType@49cb5030
2022-05-14 18:04:44.462 DEBUG 29134 --- [    Test worker] org.hibernate.type.BasicTypeRegistry     : Adding type registration nclob -> org.hibernate.type.NClobType@7e58f697
2022-05-14 18:04:44.462 DEBUG 29134 --- [    Test worker] org.hibernate.type.BasicTypeRegistry     : Adding type registration java.sql.NClob -> org.hibernate.type.NClobType@7e58f697
2022-05-14 18:04:44.462 DEBUG 29134 --- [    Test worker] org.hibernate.type.BasicTypeRegistry     : Adding type registration materialized_clob -> org.hibernate.type.MaterializedClobType@7bec8cb0
2022-05-14 18:04:44.462 DEBUG 29134 --- [    Test worker] org.hibernate.type.BasicTypeRegistry     : Adding type registration materialized_nclob -> org.hibernate.type.MaterializedNClobType@2ab9e43e
2022-05-14 18:04:44.463 DEBUG 29134 --- [    Test worker] org.hibernate.type.BasicTypeRegistry     : Adding type registration serializable -> org.hibernate.type.SerializableType@7e848aea
2022-05-14 18:04:44.464 DEBUG 29134 --- [    Test worker] org.hibernate.type.BasicTypeRegistry     : Adding type registration object -> org.hibernate.type.ObjectType@64dfb31d
2022-05-14 18:04:44.464 DEBUG 29134 --- [    Test worker] org.hibernate.type.BasicTypeRegistry     : Adding type registration java.lang.Object -> org.hibernate.type.ObjectType@64dfb31d
2022-05-14 18:04:44.464 DEBUG 29134 --- [    Test worker] org.hibernate.type.BasicTypeRegistry     : Adding type registration imm_date -> org.hibernate.type.AdaptedImmutableType@5da57a64
2022-05-14 18:04:44.464 DEBUG 29134 --- [    Test worker] org.hibernate.type.BasicTypeRegistry     : Adding type registration imm_time -> org.hibernate.type.AdaptedImmutableType@5cdf221a
2022-05-14 18:04:44.464 DEBUG 29134 --- [    Test worker] org.hibernate.type.BasicTypeRegistry     : Adding type registration imm_timestamp -> org.hibernate.type.AdaptedImmutableType@7e27f603
2022-05-14 18:04:44.464 DEBUG 29134 --- [    Test worker] org.hibernate.type.BasicTypeRegistry     : Adding type registration imm_dbtimestamp -> org.hibernate.type.AdaptedImmutableType@6136e1fc
2022-05-14 18:04:44.464 DEBUG 29134 --- [    Test worker] org.hibernate.type.BasicTypeRegistry     : Adding type registration imm_calendar -> org.hibernate.type.AdaptedImmutableType@1736c1e4
2022-05-14 18:04:44.464 DEBUG 29134 --- [    Test worker] org.hibernate.type.BasicTypeRegistry     : Adding type registration imm_calendar_date -> org.hibernate.type.AdaptedImmutableType@32dcfeea
2022-05-14 18:04:44.464 DEBUG 29134 --- [    Test worker] org.hibernate.type.BasicTypeRegistry     : Adding type registration imm_binary -> org.hibernate.type.AdaptedImmutableType@738a815c
2022-05-14 18:04:44.464 DEBUG 29134 --- [    Test worker] org.hibernate.type.BasicTypeRegistry     : Adding type registration imm_serializable -> org.hibernate.type.AdaptedImmutableType@2565a7d0
2022-05-14 18:04:44.483  INFO 29134 --- [    Test worker] com.zaxxer.hikari.HikariDataSource       : HikariPool-1 - Starting...
2022-05-14 18:04:44.535  INFO 29134 --- [    Test worker] com.zaxxer.hikari.HikariDataSource       : HikariPool-1 - Start completed.
2022-05-14 18:04:44.550  INFO 29134 --- [    Test worker] org.hibernate.dialect.Dialect            : HHH000400: Using dialect: org.hibernate.dialect.H2Dialect
2022-05-14 18:04:44.574 DEBUG 29134 --- [    Test worker] o.h.type.spi.TypeConfiguration$Scope     : Scoping TypeConfiguration [org.hibernate.type.spi.TypeConfiguration@7d3c22a5] to MetadataBuildingContext [org.hibernate.boot.internal.MetadataBuildingContextRootImpl@369ad7da]
2022-05-14 18:04:44.654 DEBUG 29134 --- [    Test worker] o.h.type.spi.TypeConfiguration$Scope     : Scoping TypeConfiguration [org.hibernate.type.spi.TypeConfiguration@7d3c22a5] to SessionFactoryImpl [org.hibernate.internal.SessionFactoryImpl@2430cf17]
2022-05-14 18:04:44.797 DEBUG 29134 --- [    Test worker] org.hibernate.SQL                        : 
    
    drop table if exists post CASCADE 
Hibernate: 
    
    drop table if exists post CASCADE 
2022-05-14 18:04:44.799  INFO 29134 --- [    Test worker] p6spy                                    : #1652519084799 | took 1ms | statement | connection 1| url jdbc:h2:tcp://localhost/~/dev/java/Linguine

    drop table if exists post CASCADE 

    drop table if exists post CASCADE ;
2022-05-14 18:04:44.800 DEBUG 29134 --- [    Test worker] org.hibernate.SQL                        : 
    
    create table post (
       dtype varchar(31) not null,
        post_id bigint generated by default as identity,
        category varchar(255),
        contents varchar(255),
        post_owner varchar(255),
        post_title varchar(255),
        posted_data timestamp,
        is_buying boolean,
        is_expired boolean,
        price integer,
        primary key (post_id)
    )
Hibernate: 
    
    create table post (
       dtype varchar(31) not null,
        post_id bigint generated by default as identity,
        category varchar(255),
        contents varchar(255),
        post_owner varchar(255),
        post_title varchar(255),
        posted_data timestamp,
        is_buying boolean,
        is_expired boolean,
        price integer,
        primary key (post_id)
    )
2022-05-14 18:04:44.803  INFO 29134 --- [    Test worker] p6spy                                    : #1652519084803 | took 1ms | statement | connection 2| url jdbc:h2:tcp://localhost/~/dev/java/Linguine

    create table post (
       dtype varchar(31) not null,
        post_id bigint generated by default as identity,
        category varchar(255),
        contents varchar(255),
        post_owner varchar(255),
        post_title varchar(255),
        posted_data timestamp,
        is_buying boolean,
        is_expired boolean,
        price integer,
        primary key (post_id)
    )

    create table post (
       dtype varchar(31) not null,
        post_id bigint generated by default as identity,
        category varchar(255),
        contents varchar(255),
        post_owner varchar(255),
        post_title varchar(255),
        posted_data timestamp,
        is_buying boolean,
        is_expired boolean,
        price integer,
        primary key (post_id)
    );
2022-05-14 18:04:44.804  INFO 29134 --- [    Test worker] o.h.e.t.j.p.i.JtaPlatformInitiator       : HHH000490: Using JtaPlatform implementation: [org.hibernate.engine.transaction.jta.platform.internal.NoJtaPlatform]
2022-05-14 18:04:44.807 TRACE 29134 --- [    Test worker] o.h.type.spi.TypeConfiguration$Scope     : Handling #sessionFactoryCreated from [org.hibernate.internal.SessionFactoryImpl@2430cf17] for TypeConfiguration
2022-05-14 18:04:44.808  INFO 29134 --- [    Test worker] j.LocalContainerEntityManagerFactoryBean : Initialized JPA EntityManagerFactory for persistence unit 'default'
2022-05-14 18:04:44.929  WARN 29134 --- [    Test worker] JpaBaseConfiguration$JpaWebConfiguration : spring.jpa.open-in-view is enabled by default. Therefore, database queries may be performed during view rendering. Explicitly configure spring.jpa.open-in-view to disable this warning
2022-05-14 18:04:45.183  INFO 29134 --- [    Test worker] c.L.repository.BoardRepositoryTest       : Started BoardRepositoryTest in 1.793 seconds (JVM running for 2.339)
2022-05-14 18:04:45.308 DEBUG 29134 --- [    Test worker] org.hibernate.SQL                        : 
    insert 
    into
        post
        (post_id, category, contents, post_owner, post_title, posted_data, dtype) 
    values
        (default, ?, ?, ?, ?, ?, 'Post')
Hibernate: 
    insert 
    into
        post
        (post_id, category, contents, post_owner, post_title, posted_data, dtype) 
    values
        (default, ?, ?, ?, ?, ?, 'Post')
2022-05-14 18:04:45.311 TRACE 29134 --- [    Test worker] o.h.type.descriptor.sql.BasicBinder      : binding parameter [1] as [VARCHAR] - [null]
2022-05-14 18:04:45.311 TRACE 29134 --- [    Test worker] o.h.type.descriptor.sql.BasicBinder      : binding parameter [2] as [VARCHAR] - [null]
2022-05-14 18:04:45.311 TRACE 29134 --- [    Test worker] o.h.type.descriptor.sql.BasicBinder      : binding parameter [3] as [VARCHAR] - [gd]
2022-05-14 18:04:45.312 TRACE 29134 --- [    Test worker] o.h.type.descriptor.sql.BasicBinder      : binding parameter [4] as [VARCHAR] - [null]
2022-05-14 18:04:45.312 TRACE 29134 --- [    Test worker] o.h.type.descriptor.sql.BasicBinder      : binding parameter [5] as [TIMESTAMP] - [null]
2022-05-14 18:04:45.313  INFO 29134 --- [    Test worker] p6spy                                    : #1652519085313 | took 0ms | statement | connection 3| url jdbc:h2:tcp://localhost/~/dev/java/Linguine
insert into post (post_id, category, contents, post_owner, post_title, posted_data, dtype) values (default, ?, ?, ?, ?, ?, 'Post')
insert into post (post_id, category, contents, post_owner, post_title, posted_data, dtype) values (default, NULL, NULL, 'gd', NULL, NULL, 'Post');
2022-05-14 18:04:45.320  INFO 29134 --- [    Test worker] p6spy                                    : #1652519085320 | took 0ms | commit | connection 3| url jdbc:h2:tcp://localhost/~/dev/java/Linguine

;
2022-05-14 18:04:45.321 DEBUG 29134 --- [    Test worker] org.hibernate.SQL                        : 
    insert 
    into
        post
        (post_id, category, contents, post_owner, post_title, posted_data, is_buying, is_expired, price, dtype) 
    values
        (default, ?, ?, ?, ?, ?, ?, ?, ?, 'trading_post')
Hibernate: 
    insert 
    into
        post
        (post_id, category, contents, post_owner, post_title, posted_data, is_buying, is_expired, price, dtype) 
    values
        (default, ?, ?, ?, ?, ?, ?, ?, ?, 'trading_post')
2022-05-14 18:04:45.322 TRACE 29134 --- [    Test worker] o.h.type.descriptor.sql.BasicBinder      : binding parameter [1] as [VARCHAR] - [null]
2022-05-14 18:04:45.322 TRACE 29134 --- [    Test worker] o.h.type.descriptor.sql.BasicBinder      : binding parameter [2] as [VARCHAR] - [null]
2022-05-14 18:04:45.322 TRACE 29134 --- [    Test worker] o.h.type.descriptor.sql.BasicBinder      : binding parameter [3] as [VARCHAR] - [null]
2022-05-14 18:04:45.322 TRACE 29134 --- [    Test worker] o.h.type.descriptor.sql.BasicBinder      : binding parameter [4] as [VARCHAR] - [gdgd]
2022-05-14 18:04:45.322 TRACE 29134 --- [    Test worker] o.h.type.descriptor.sql.BasicBinder      : binding parameter [5] as [TIMESTAMP] - [null]
2022-05-14 18:04:45.322 TRACE 29134 --- [    Test worker] o.h.type.descriptor.sql.BasicBinder      : binding parameter [6] as [BOOLEAN] - [false]
2022-05-14 18:04:45.322 TRACE 29134 --- [    Test worker] o.h.type.descriptor.sql.BasicBinder      : binding parameter [7] as [BOOLEAN] - [false]
2022-05-14 18:04:45.322 TRACE 29134 --- [    Test worker] o.h.type.descriptor.sql.BasicBinder      : binding parameter [8] as [INTEGER] - [0]
2022-05-14 18:04:45.323  INFO 29134 --- [    Test worker] p6spy                                    : #1652519085323 | took 0ms | statement | connection 4| url jdbc:h2:tcp://localhost/~/dev/java/Linguine
insert into post (post_id, category, contents, post_owner, post_title, posted_data, is_buying, is_expired, price, dtype) values (default, ?, ?, ?, ?, ?, ?, ?, ?, 'trading_post')
insert into post (post_id, category, contents, post_owner, post_title, posted_data, is_buying, is_expired, price, dtype) values (default, NULL, NULL, NULL, 'gdgd', NULL, false, false, 0, 'trading_post');
2022-05-14 18:04:45.323  INFO 29134 --- [    Test worker] p6spy                                    : #1652519085323 | took 0ms | commit | connection 4| url jdbc:h2:tcp://localhost/~/dev/java/Linguine

;
]]></system-out>
  <system-err><![CDATA[]]></system-err>
</testsuite>
